2021-05-10 20:08:17.822  INFO 20055 --- [restartedMain] c.s.web.DemoSpringBootWebApplication     : Starting DemoSpringBootWebApplication using Java 1.8.0_282 on ist-860 with PID 20055 (/home/ist/eclipse-workspace/DemoSpringBootWeb/target/classes started by ist in /home/ist/eclipse-workspace/DemoSpringBootWeb)
2021-05-10 20:08:17.839  INFO 20055 --- [restartedMain] c.s.web.DemoSpringBootWebApplication     : No active profile set, falling back to default profiles: default
2021-05-10 20:08:17.988  INFO 20055 --- [restartedMain] .e.DevToolsPropertyDefaultsPostProcessor : Devtools property defaults active! Set 'spring.devtools.add-properties' to 'false' to disable
2021-05-10 20:08:17.989  INFO 20055 --- [restartedMain] .e.DevToolsPropertyDefaultsPostProcessor : For additional web related logging consider setting the 'logging.level.web' property to 'DEBUG'
2021-05-10 20:08:19.632  INFO 20055 --- [restartedMain] .s.d.r.c.RepositoryConfigurationDelegate : Bootstrapping Spring Data JPA repositories in DEFAULT mode.
2021-05-10 20:08:19.757  INFO 20055 --- [restartedMain] .s.d.r.c.RepositoryConfigurationDelegate : Finished Spring Data repository scanning in 77 ms. Found 1 JPA repository interfaces.
2021-05-10 20:08:20.724  INFO 20055 --- [restartedMain] o.s.b.w.embedded.tomcat.TomcatWebServer  : Tomcat initialized with port(s): 8443 (https)
2021-05-10 20:08:20.735  INFO 20055 --- [restartedMain] o.apache.catalina.core.StandardService   : Starting service [Tomcat]
2021-05-10 20:08:20.736  INFO 20055 --- [restartedMain] org.apache.catalina.core.StandardEngine  : Starting Servlet engine: [Apache Tomcat/9.0.44]
2021-05-10 20:08:20.740  INFO 20055 --- [restartedMain] o.a.catalina.core.AprLifecycleListener   : An older version [1.2.21] of the Apache Tomcat Native library is installed, while Tomcat recommends a minimum version of [1.2.23]
2021-05-10 20:08:20.740  INFO 20055 --- [restartedMain] o.a.catalina.core.AprLifecycleListener   : Loaded Apache Tomcat Native library [1.2.21] using APR version [1.6.3].
2021-05-10 20:08:20.740  INFO 20055 --- [restartedMain] o.a.catalina.core.AprLifecycleListener   : APR capabilities: IPv6 [true], sendfile [true], accept filters [false], random [true].
2021-05-10 20:08:20.740  INFO 20055 --- [restartedMain] o.a.catalina.core.AprLifecycleListener   : APR/OpenSSL configuration: useAprConnector [false], useOpenSSL [true]
2021-05-10 20:08:20.744  INFO 20055 --- [restartedMain] o.a.catalina.core.AprLifecycleListener   : OpenSSL successfully initialized [OpenSSL 1.1.1  11 Sep 2018]
2021-05-10 20:08:20.968  INFO 20055 --- [restartedMain] org.apache.jasper.servlet.TldScanner     : At least one JAR was scanned for TLDs yet contained no TLDs. Enable debug logging for this logger for a complete list of JARs that were scanned but no TLDs were found in them. Skipping unneeded JARs during scanning can improve startup time and JSP compilation time.
2021-05-10 20:08:20.973  INFO 20055 --- [restartedMain] o.a.c.c.C.[Tomcat].[localhost].[/]       : Initializing Spring embedded WebApplicationContext
2021-05-10 20:08:20.973  INFO 20055 --- [restartedMain] w.s.c.ServletWebServerApplicationContext : Root WebApplicationContext: initialization completed in 2983 ms
2021-05-10 20:08:21.218  INFO 20055 --- [restartedMain] com.zaxxer.hikari.HikariDataSource       : test - Starting...
2021-05-10 20:08:21.934  INFO 20055 --- [restartedMain] com.zaxxer.hikari.HikariDataSource       : test - Start completed.
2021-05-10 20:08:21.940  INFO 20055 --- [restartedMain] o.s.b.a.h2.H2ConsoleAutoConfiguration    : H2 console available at '/h2-console'. Database available at 'jdbc:mysql://localhost:3306/Akash?serverTimezone=UTC'
2021-05-10 20:08:22.388  INFO 20055 --- [restartedMain] o.hibernate.jpa.internal.util.LogHelper  : HHH000204: Processing PersistenceUnitInfo [name: default]
2021-05-10 20:08:22.598  INFO 20055 --- [restartedMain] org.hibernate.Version                    : HHH000412: Hibernate ORM core version 5.4.29.Final
2021-05-10 20:08:22.990  INFO 20055 --- [restartedMain] o.hibernate.annotations.common.Version   : HCANN000001: Hibernate Commons Annotations {5.1.2.Final}
2021-05-10 20:08:23.201  INFO 20055 --- [restartedMain] org.hibernate.dialect.Dialect            : HHH000400: Using dialect: org.hibernate.dialect.MySQL55Dialect
2021-05-10 20:08:24.530  INFO 20055 --- [restartedMain] o.h.e.t.j.p.i.JtaPlatformInitiator       : HHH000490: Using JtaPlatform implementation: [org.hibernate.engine.transaction.jta.platform.internal.NoJtaPlatform]
2021-05-10 20:08:24.564  INFO 20055 --- [restartedMain] j.LocalContainerEntityManagerFactoryBean : Initialized JPA EntityManagerFactory for persistence unit 'default'
2021-05-10 20:08:24.607  INFO 20055 --- [restartedMain] o.s.b.d.a.OptionalLiveReloadServer       : LiveReload server is running on port 35729
2021-05-10 20:08:24.697  WARN 20055 --- [restartedMain] JpaBaseConfiguration$JpaWebConfiguration : spring.jpa.open-in-view is enabled by default. Therefore, database queries may be performed during view rendering. Explicitly configure spring.jpa.open-in-view to disable this warning
2021-05-10 20:08:24.916  WARN 20055 --- [restartedMain] o.s.security.core.userdetails.User       : User.withDefaultPasswordEncoder() is considered unsafe for production and is only intended for sample applications.
2021-05-10 20:08:25.357  INFO 20055 --- [restartedMain] o.s.s.web.DefaultSecurityFilterChain     : Will secure any request with [org.springframework.security.web.context.request.async.WebAsyncManagerIntegrationFilter@72dadd73, org.springframework.security.web.context.SecurityContextPersistenceFilter@5cd88b17, org.springframework.security.web.header.HeaderWriterFilter@6cb76b54, org.springframework.security.web.csrf.CsrfFilter@6179d50a, org.springframework.security.web.authentication.logout.LogoutFilter@3a04cf00, org.springframework.security.web.authentication.UsernamePasswordAuthenticationFilter@8341365, org.springframework.security.web.authentication.ui.DefaultLoginPageGeneratingFilter@662d511b, org.springframework.security.web.authentication.ui.DefaultLogoutPageGeneratingFilter@6842a3b1, org.springframework.security.web.authentication.www.BasicAuthenticationFilter@645f83f1, org.springframework.security.web.savedrequest.RequestCacheAwareFilter@2ef78ab1, org.springframework.security.web.servletapi.SecurityContextHolderAwareRequestFilter@556103fb, org.springframework.security.web.authentication.AnonymousAuthenticationFilter@12b3d178, org.springframework.security.web.session.SessionManagementFilter@61712d2e, org.springframework.security.web.access.ExceptionTranslationFilter@3dfd21a1, org.springframework.security.web.access.intercept.FilterSecurityInterceptor@43673ec6]
2021-05-10 20:08:25.623  INFO 20055 --- [restartedMain] o.s.s.concurrent.ThreadPoolTaskExecutor  : Initializing ExecutorService 'applicationTaskExecutor'
2021-05-10 20:08:27.265  INFO 20055 --- [restartedMain] o.s.b.w.embedded.tomcat.TomcatWebServer  : Tomcat started on port(s): 8443 (https) with context path ''
2021-05-10 20:08:27.335  INFO 20055 --- [restartedMain] c.s.web.DemoSpringBootWebApplication     : Started DemoSpringBootWebApplication in 10.103 seconds (JVM running for 10.937)
2021-05-10 20:08:44.249  INFO 20055 --- [Thread-5] o.s.s.concurrent.ThreadPoolTaskExecutor  : Shutting down ExecutorService 'applicationTaskExecutor'
2021-05-10 20:08:44.251  INFO 20055 --- [Thread-5] j.LocalContainerEntityManagerFactoryBean : Closing JPA EntityManagerFactory for persistence unit 'default'
2021-05-10 20:08:44.261  INFO 20055 --- [Thread-5] com.zaxxer.hikari.HikariDataSource       : test - Shutdown initiated...
2021-05-10 20:08:44.274  INFO 20055 --- [Thread-5] com.zaxxer.hikari.HikariDataSource       : test - Shutdown completed.
2021-05-10 20:08:44.494  INFO 20055 --- [restartedMain] c.s.web.DemoSpringBootWebApplication     : Starting DemoSpringBootWebApplication using Java 1.8.0_282 on ist-860 with PID 20055 (/home/ist/eclipse-workspace/DemoSpringBootWeb/target/classes started by ist in /home/ist/eclipse-workspace/DemoSpringBootWeb)
2021-05-10 20:08:44.495  INFO 20055 --- [restartedMain] c.s.web.DemoSpringBootWebApplication     : No active profile set, falling back to default profiles: default
2021-05-10 20:08:44.716  INFO 20055 --- [restartedMain] .s.d.r.c.RepositoryConfigurationDelegate : Bootstrapping Spring Data JPA repositories in DEFAULT mode.
2021-05-10 20:08:44.722  INFO 20055 --- [restartedMain] .s.d.r.c.RepositoryConfigurationDelegate : Finished Spring Data repository scanning in 5 ms. Found 1 JPA repository interfaces.
2021-05-10 20:08:44.820  INFO 20055 --- [restartedMain] o.s.b.w.embedded.tomcat.TomcatWebServer  : Tomcat initialized with port(s): 8443 (https)
2021-05-10 20:08:44.821  INFO 20055 --- [restartedMain] o.apache.catalina.core.StandardService   : Starting service [Tomcat]
2021-05-10 20:08:44.821  INFO 20055 --- [restartedMain] org.apache.catalina.core.StandardEngine  : Starting Servlet engine: [Apache Tomcat/9.0.44]
2021-05-10 20:08:44.822  INFO 20055 --- [restartedMain] o.a.catalina.core.AprLifecycleListener   : An older version [1.2.21] of the Apache Tomcat Native library is installed, while Tomcat recommends a minimum version of [1.2.23]
2021-05-10 20:08:44.822  INFO 20055 --- [restartedMain] o.a.catalina.core.AprLifecycleListener   : Loaded Apache Tomcat Native library [1.2.21] using APR version [1.6.3].
2021-05-10 20:08:44.822  INFO 20055 --- [restartedMain] o.a.catalina.core.AprLifecycleListener   : APR capabilities: IPv6 [true], sendfile [true], accept filters [false], random [true].
2021-05-10 20:08:44.822  INFO 20055 --- [restartedMain] o.a.catalina.core.AprLifecycleListener   : APR/OpenSSL configuration: useAprConnector [false], useOpenSSL [true]
2021-05-10 20:08:44.823  INFO 20055 --- [restartedMain] o.a.catalina.core.AprLifecycleListener   : OpenSSL successfully initialized [OpenSSL 1.1.1  11 Sep 2018]
2021-05-10 20:08:44.860  INFO 20055 --- [restartedMain] org.apache.jasper.servlet.TldScanner     : At least one JAR was scanned for TLDs yet contained no TLDs. Enable debug logging for this logger for a complete list of JARs that were scanned but no TLDs were found in them. Skipping unneeded JARs during scanning can improve startup time and JSP compilation time.
2021-05-10 20:08:44.863  INFO 20055 --- [restartedMain] o.a.c.c.C.[Tomcat].[localhost].[/]       : Initializing Spring embedded WebApplicationContext
2021-05-10 20:08:44.863  INFO 20055 --- [restartedMain] w.s.c.ServletWebServerApplicationContext : Root WebApplicationContext: initialization completed in 364 ms
2021-05-10 20:08:44.877  INFO 20055 --- [restartedMain] com.zaxxer.hikari.HikariDataSource       : test - Starting...
2021-05-10 20:08:44.894  INFO 20055 --- [restartedMain] com.zaxxer.hikari.HikariDataSource       : test - Start completed.
2021-05-10 20:08:44.895  INFO 20055 --- [restartedMain] o.s.b.a.h2.H2ConsoleAutoConfiguration    : H2 console available at '/h2-console'. Database available at 'jdbc:mysql://localhost:3306/Akash?serverTimezone=UTC'
2021-05-10 20:08:44.917  INFO 20055 --- [restartedMain] o.hibernate.jpa.internal.util.LogHelper  : HHH000204: Processing PersistenceUnitInfo [name: default]
2021-05-10 20:08:44.922  INFO 20055 --- [restartedMain] org.hibernate.dialect.Dialect            : HHH000400: Using dialect: org.hibernate.dialect.MySQL55Dialect
2021-05-10 20:08:44.970  INFO 20055 --- [restartedMain] o.h.e.t.j.p.i.JtaPlatformInitiator       : HHH000490: Using JtaPlatform implementation: [org.hibernate.engine.transaction.jta.platform.internal.NoJtaPlatform]
2021-05-10 20:08:44.970  INFO 20055 --- [restartedMain] j.LocalContainerEntityManagerFactoryBean : Initialized JPA EntityManagerFactory for persistence unit 'default'
2021-05-10 20:08:44.980  INFO 20055 --- [restartedMain] o.s.b.d.a.OptionalLiveReloadServer       : LiveReload server is running on port 35729
2021-05-10 20:08:45.008  WARN 20055 --- [restartedMain] JpaBaseConfiguration$JpaWebConfiguration : spring.jpa.open-in-view is enabled by default. Therefore, database queries may be performed during view rendering. Explicitly configure spring.jpa.open-in-view to disable this warning
2021-05-10 20:08:45.043  WARN 20055 --- [restartedMain] o.s.security.core.userdetails.User       : User.withDefaultPasswordEncoder() is considered unsafe for production and is only intended for sample applications.
2021-05-10 20:08:45.171  INFO 20055 --- [restartedMain] o.s.s.web.DefaultSecurityFilterChain     : Will secure any request with [org.springframework.security.web.context.request.async.WebAsyncManagerIntegrationFilter@6ee35afe, org.springframework.security.web.context.SecurityContextPersistenceFilter@76f0153c, org.springframework.security.web.header.HeaderWriterFilter@54a1567a, org.springframework.security.web.csrf.CsrfFilter@72f62d46, org.springframework.security.web.authentication.logout.LogoutFilter@154f7986, org.springframework.security.web.authentication.UsernamePasswordAuthenticationFilter@cb57c79, org.springframework.security.web.authentication.ui.DefaultLoginPageGeneratingFilter@60233da, org.springframework.security.web.authentication.ui.DefaultLogoutPageGeneratingFilter@634a5f12, org.springframework.security.web.authentication.www.BasicAuthenticationFilter@63b03650, org.springframework.security.web.savedrequest.RequestCacheAwareFilter@113e973f, org.springframework.security.web.servletapi.SecurityContextHolderAwareRequestFilter@4f7201e4, org.springframework.security.web.authentication.AnonymousAuthenticationFilter@443bb1b6, org.springframework.security.web.session.SessionManagementFilter@35af92d2, org.springframework.security.web.access.ExceptionTranslationFilter@7082f568, org.springframework.security.web.access.intercept.FilterSecurityInterceptor@2fc45c0c]
2021-05-10 20:08:45.210  INFO 20055 --- [restartedMain] o.s.s.concurrent.ThreadPoolTaskExecutor  : Initializing ExecutorService 'applicationTaskExecutor'
2021-05-10 20:08:45.577  INFO 20055 --- [restartedMain] o.s.b.w.embedded.tomcat.TomcatWebServer  : Tomcat started on port(s): 8443 (https) with context path ''
2021-05-10 20:08:45.581  INFO 20055 --- [restartedMain] c.s.web.DemoSpringBootWebApplication     : Started DemoSpringBootWebApplication in 1.115 seconds (JVM running for 29.183)
2021-05-10 20:08:45.584  INFO 20055 --- [restartedMain] .ConditionEvaluationDeltaLoggingListener : Condition evaluation unchanged
2021-05-10 20:08:49.523  INFO 20055 --- [RMI TCP Connection(2)-127.0.0.1] inMXBeanRegistrar$SpringApplicationAdmin : Application shutdown requested.
2021-05-10 20:08:49.560  INFO 20055 --- [RMI TCP Connection(2)-127.0.0.1] o.s.s.concurrent.ThreadPoolTaskExecutor  : Shutting down ExecutorService 'applicationTaskExecutor'
2021-05-10 20:08:49.563  INFO 20055 --- [RMI TCP Connection(2)-127.0.0.1] j.LocalContainerEntityManagerFactoryBean : Closing JPA EntityManagerFactory for persistence unit 'default'
2021-05-10 20:08:49.568  INFO 20055 --- [RMI TCP Connection(2)-127.0.0.1] com.zaxxer.hikari.HikariDataSource       : test - Shutdown initiated...
2021-05-10 20:08:49.598  INFO 20055 --- [RMI TCP Connection(2)-127.0.0.1] com.zaxxer.hikari.HikariDataSource       : test - Shutdown completed.
2021-05-10 20:09:06.907  INFO 20183 --- [restartedMain] c.s.web.DemoSpringBootWebApplication     : Starting DemoSpringBootWebApplication using Java 1.8.0_282 on ist-860 with PID 20183 (/home/ist/eclipse-workspace/DemoSpringBootWeb/target/classes started by ist in /home/ist/eclipse-workspace/DemoSpringBootWeb)
2021-05-10 20:09:06.911  INFO 20183 --- [restartedMain] c.s.web.DemoSpringBootWebApplication     : No active profile set, falling back to default profiles: default
2021-05-10 20:09:06.968  INFO 20183 --- [restartedMain] .e.DevToolsPropertyDefaultsPostProcessor : Devtools property defaults active! Set 'spring.devtools.add-properties' to 'false' to disable
2021-05-10 20:09:06.969  INFO 20183 --- [restartedMain] .e.DevToolsPropertyDefaultsPostProcessor : For additional web related logging consider setting the 'logging.level.web' property to 'DEBUG'
2021-05-10 20:09:07.636  INFO 20183 --- [restartedMain] .s.d.r.c.RepositoryConfigurationDelegate : Bootstrapping Spring Data JPA repositories in DEFAULT mode.
2021-05-10 20:09:07.680  INFO 20183 --- [restartedMain] .s.d.r.c.RepositoryConfigurationDelegate : Finished Spring Data repository scanning in 36 ms. Found 1 JPA repository interfaces.
2021-05-10 20:09:08.508  INFO 20183 --- [restartedMain] o.s.b.w.embedded.tomcat.TomcatWebServer  : Tomcat initialized with port(s): 8443 (https)
2021-05-10 20:09:08.542  INFO 20183 --- [restartedMain] o.apache.catalina.core.StandardService   : Starting service [Tomcat]
2021-05-10 20:09:08.542  INFO 20183 --- [restartedMain] org.apache.catalina.core.StandardEngine  : Starting Servlet engine: [Apache Tomcat/9.0.44]
2021-05-10 20:09:08.546  INFO 20183 --- [restartedMain] o.a.catalina.core.AprLifecycleListener   : An older version [1.2.21] of the Apache Tomcat Native library is installed, while Tomcat recommends a minimum version of [1.2.23]
2021-05-10 20:09:08.546  INFO 20183 --- [restartedMain] o.a.catalina.core.AprLifecycleListener   : Loaded Apache Tomcat Native library [1.2.21] using APR version [1.6.3].
2021-05-10 20:09:08.547  INFO 20183 --- [restartedMain] o.a.catalina.core.AprLifecycleListener   : APR capabilities: IPv6 [true], sendfile [true], accept filters [false], random [true].
2021-05-10 20:09:08.547  INFO 20183 --- [restartedMain] o.a.catalina.core.AprLifecycleListener   : APR/OpenSSL configuration: useAprConnector [false], useOpenSSL [true]
2021-05-10 20:09:08.551  INFO 20183 --- [restartedMain] o.a.catalina.core.AprLifecycleListener   : OpenSSL successfully initialized [OpenSSL 1.1.1  11 Sep 2018]
2021-05-10 20:09:08.741  INFO 20183 --- [restartedMain] org.apache.jasper.servlet.TldScanner     : At least one JAR was scanned for TLDs yet contained no TLDs. Enable debug logging for this logger for a complete list of JARs that were scanned but no TLDs were found in them. Skipping unneeded JARs during scanning can improve startup time and JSP compilation time.
2021-05-10 20:09:08.744  INFO 20183 --- [restartedMain] o.a.c.c.C.[Tomcat].[localhost].[/]       : Initializing Spring embedded WebApplicationContext
2021-05-10 20:09:08.745  INFO 20183 --- [restartedMain] w.s.c.ServletWebServerApplicationContext : Root WebApplicationContext: initialization completed in 1776 ms
2021-05-10 20:09:08.803  INFO 20183 --- [restartedMain] com.zaxxer.hikari.HikariDataSource       : test - Starting...
2021-05-10 20:09:09.324  INFO 20183 --- [restartedMain] com.zaxxer.hikari.HikariDataSource       : test - Start completed.
2021-05-10 20:09:09.330  INFO 20183 --- [restartedMain] o.s.b.a.h2.H2ConsoleAutoConfiguration    : H2 console available at '/h2-console'. Database available at 'jdbc:mysql://localhost:3306/Akash?serverTimezone=UTC'
2021-05-10 20:09:09.567  INFO 20183 --- [restartedMain] o.hibernate.jpa.internal.util.LogHelper  : HHH000204: Processing PersistenceUnitInfo [name: default]
2021-05-10 20:09:09.627  INFO 20183 --- [restartedMain] org.hibernate.Version                    : HHH000412: Hibernate ORM core version 5.4.29.Final
2021-05-10 20:09:09.814  INFO 20183 --- [restartedMain] o.hibernate.annotations.common.Version   : HCANN000001: Hibernate Commons Annotations {5.1.2.Final}
2021-05-10 20:09:10.024  INFO 20183 --- [restartedMain] org.hibernate.dialect.Dialect            : HHH000400: Using dialect: org.hibernate.dialect.MySQL55Dialect
2021-05-10 20:09:10.733  INFO 20183 --- [restartedMain] o.h.e.t.j.p.i.JtaPlatformInitiator       : HHH000490: Using JtaPlatform implementation: [org.hibernate.engine.transaction.jta.platform.internal.NoJtaPlatform]
2021-05-10 20:09:10.746  INFO 20183 --- [restartedMain] j.LocalContainerEntityManagerFactoryBean : Initialized JPA EntityManagerFactory for persistence unit 'default'
2021-05-10 20:09:10.834  INFO 20183 --- [restartedMain] o.s.b.d.a.OptionalLiveReloadServer       : LiveReload server is running on port 35729
2021-05-10 20:09:10.909  WARN 20183 --- [restartedMain] JpaBaseConfiguration$JpaWebConfiguration : spring.jpa.open-in-view is enabled by default. Therefore, database queries may be performed during view rendering. Explicitly configure spring.jpa.open-in-view to disable this warning
2021-05-10 20:09:11.016  WARN 20183 --- [restartedMain] o.s.security.core.userdetails.User       : User.withDefaultPasswordEncoder() is considered unsafe for production and is only intended for sample applications.
2021-05-10 20:09:11.273  INFO 20183 --- [restartedMain] o.s.s.web.DefaultSecurityFilterChain     : Will secure any request with [org.springframework.security.web.context.request.async.WebAsyncManagerIntegrationFilter@5fc82b38, org.springframework.security.web.context.SecurityContextPersistenceFilter@47f4cb16, org.springframework.security.web.header.HeaderWriterFilter@1b8ef140, org.springframework.security.web.csrf.CsrfFilter@78b7b316, org.springframework.security.web.authentication.logout.LogoutFilter@439a6ea2, org.springframework.security.web.authentication.UsernamePasswordAuthenticationFilter@7a05897f, org.springframework.security.web.authentication.ui.DefaultLoginPageGeneratingFilter@6262d907, org.springframework.security.web.authentication.ui.DefaultLogoutPageGeneratingFilter@605d63e, org.springframework.security.web.authentication.www.BasicAuthenticationFilter@71479b39, org.springframework.security.web.savedrequest.RequestCacheAwareFilter@4396c977, org.springframework.security.web.servletapi.SecurityContextHolderAwareRequestFilter@13e91627, org.springframework.security.web.authentication.AnonymousAuthenticationFilter@995e, org.springframework.security.web.session.SessionManagementFilter@438d72c1, org.springframework.security.web.access.ExceptionTranslationFilter@3bdddc5a, org.springframework.security.web.access.intercept.FilterSecurityInterceptor@6e5d24cc]
2021-05-10 20:09:11.398  INFO 20183 --- [restartedMain] o.s.s.concurrent.ThreadPoolTaskExecutor  : Initializing ExecutorService 'applicationTaskExecutor'
2021-05-10 20:09:12.367  INFO 20183 --- [restartedMain] o.s.b.w.embedded.tomcat.TomcatWebServer  : Tomcat started on port(s): 8443 (https) with context path ''
2021-05-10 20:09:12.378  INFO 20183 --- [restartedMain] c.s.web.DemoSpringBootWebApplication     : Started DemoSpringBootWebApplication in 6.071 seconds (JVM running for 6.673)
2021-05-10 20:09:13.793  INFO 20183 --- [RMI TCP Connection(2)-127.0.0.1] inMXBeanRegistrar$SpringApplicationAdmin : Application shutdown requested.
2021-05-10 20:09:13.831  INFO 20183 --- [RMI TCP Connection(2)-127.0.0.1] o.s.s.concurrent.ThreadPoolTaskExecutor  : Shutting down ExecutorService 'applicationTaskExecutor'
2021-05-10 20:09:13.832  INFO 20183 --- [RMI TCP Connection(2)-127.0.0.1] j.LocalContainerEntityManagerFactoryBean : Closing JPA EntityManagerFactory for persistence unit 'default'
2021-05-10 20:09:13.837  INFO 20183 --- [RMI TCP Connection(2)-127.0.0.1] com.zaxxer.hikari.HikariDataSource       : test - Shutdown initiated...
2021-05-10 20:09:13.850  INFO 20183 --- [RMI TCP Connection(2)-127.0.0.1] com.zaxxer.hikari.HikariDataSource       : test - Shutdown completed.
